CRITICAL - 2023-10-16 12:07:46 --> Array to string conversion
in APPPATH/Controllers/Pages.php on line 15.
 1 APPPATH/Controllers/Pages.php(15): CodeIgniter\Debug\Exceptions->errorHandler()
 2 SYSTEMPATH/CodeIgniter.php(919): App\Controllers\Pages->viewPage()
 3 SYSTEMPATH/CodeIgniter.php(494): CodeIgniter\CodeIgniter->runController()
 4 SYSTEMPATH/CodeIgniter.php(353): CodeIgniter\CodeIgniter->handleRequest()
 5 FCPATH/index.php(79): CodeIgniter\CodeIgniter->run()
CRITICAL - 2023-10-16 12:12:15 --> Class 'App\Controllers\Pages_model' not found
in APPPATH/Controllers/Pages.php on line 13.
 1 SYSTEMPATH/CodeIgniter.php(919): App\Controllers\Pages->viewPage()
 2 SYSTEMPATH/CodeIgniter.php(494): CodeIgniter\CodeIgniter->runController()
 3 SYSTEMPATH/CodeIgniter.php(353): CodeIgniter\CodeIgniter->handleRequest()
 4 FCPATH/index.php(79): CodeIgniter\CodeIgniter->run()
CRITICAL - 2023-10-16 12:12:58 --> syntax error, unexpected '/', expecting ';' or ','
in APPPATH/Controllers/Pages.php on line 4.
 1 SYSTEMPATH/Autoloader/Autoloader.php(285): CodeIgniter\Autoloader\Autoloader->includeFile()
 2 SYSTEMPATH/Autoloader/Autoloader.php(263): CodeIgniter\Autoloader\Autoloader->loadInNamespace()
 3 [internal function]: CodeIgniter\Autoloader\Autoloader->loadClass()
 4 [internal function]: spl_autoload_call()
 5 SYSTEMPATH/CodeIgniter.php(877): class_exists()
 6 SYSTEMPATH/CodeIgniter.php(481): CodeIgniter\CodeIgniter->startController()
 7 SYSTEMPATH/CodeIgniter.php(353): CodeIgniter\CodeIgniter->handleRequest()
 8 FCPATH/index.php(79): CodeIgniter\CodeIgniter->run()
CRITICAL - 2023-10-16 12:13:51 --> syntax error, unexpected '/', expecting ';' or ','
in APPPATH/Controllers/Pages.php on line 4.
 1 SYSTEMPATH/Autoloader/Autoloader.php(285): CodeIgniter\Autoloader\Autoloader->includeFile()
 2 SYSTEMPATH/Autoloader/Autoloader.php(263): CodeIgniter\Autoloader\Autoloader->loadInNamespace()
 3 [internal function]: CodeIgniter\Autoloader\Autoloader->loadClass()
 4 [internal function]: spl_autoload_call()
 5 SYSTEMPATH/CodeIgniter.php(877): class_exists()
 6 SYSTEMPATH/CodeIgniter.php(481): CodeIgniter\CodeIgniter->startController()
 7 SYSTEMPATH/CodeIgniter.php(353): CodeIgniter\CodeIgniter->handleRequest()
 8 FCPATH/index.php(79): CodeIgniter\CodeIgniter->run()
CRITICAL - 2023-10-16 12:13:53 --> syntax error, unexpected '/', expecting ';' or ','
in APPPATH/Controllers/Pages.php on line 4.
 1 SYSTEMPATH/Autoloader/Autoloader.php(285): CodeIgniter\Autoloader\Autoloader->includeFile()
 2 SYSTEMPATH/Autoloader/Autoloader.php(263): CodeIgniter\Autoloader\Autoloader->loadInNamespace()
 3 [internal function]: CodeIgniter\Autoloader\Autoloader->loadClass()
 4 [internal function]: spl_autoload_call()
 5 SYSTEMPATH/CodeIgniter.php(877): class_exists()
 6 SYSTEMPATH/CodeIgniter.php(481): CodeIgniter\CodeIgniter->startController()
 7 SYSTEMPATH/CodeIgniter.php(353): CodeIgniter\CodeIgniter->handleRequest()
 8 FCPATH/index.php(79): CodeIgniter\CodeIgniter->run()
CRITICAL - 2023-10-16 12:14:08 --> Class 'Model' not found
in APPPATH/Models/Pages_model.php on line 5.
 1 SYSTEMPATH/Autoloader/Autoloader.php(306): include_once()
 2 SYSTEMPATH/Autoloader/Autoloader.php(285): CodeIgniter\Autoloader\Autoloader->includeFile()
 3 SYSTEMPATH/Autoloader/Autoloader.php(263): CodeIgniter\Autoloader\Autoloader->loadInNamespace()
 4 [internal function]: CodeIgniter\Autoloader\Autoloader->loadClass()
 5 APPPATH/Controllers/Pages.php(14): spl_autoload_call()
 6 SYSTEMPATH/CodeIgniter.php(919): App\Controllers\Pages->viewPage()
 7 SYSTEMPATH/CodeIgniter.php(494): CodeIgniter\CodeIgniter->runController()
 8 SYSTEMPATH/CodeIgniter.php(353): CodeIgniter\CodeIgniter->handleRequest()
 9 FCPATH/index.php(79): CodeIgniter\CodeIgniter->run()
CRITICAL - 2023-10-16 12:15:03 --> Class 'App\Models\Pages_model' not found
in APPPATH/Controllers/Pages.php on line 14.
 1 SYSTEMPATH/CodeIgniter.php(919): App\Controllers\Pages->viewPage()
 2 SYSTEMPATH/CodeIgniter.php(494): CodeIgniter\CodeIgniter->runController()
 3 SYSTEMPATH/CodeIgniter.php(353): CodeIgniter\CodeIgniter->handleRequest()
 4 FCPATH/index.php(79): CodeIgniter\CodeIgniter->run()
CRITICAL - 2023-10-16 12:15:33 --> Class 'BaseController' not found
in APPPATH/Controllers/Pages.php on line 5.
 1 SYSTEMPATH/Autoloader/Autoloader.php(306): include_once()
 2 SYSTEMPATH/Autoloader/Autoloader.php(285): CodeIgniter\Autoloader\Autoloader->includeFile()
 3 SYSTEMPATH/Autoloader/Autoloader.php(263): CodeIgniter\Autoloader\Autoloader->loadInNamespace()
 4 [internal function]: CodeIgniter\Autoloader\Autoloader->loadClass()
 5 [internal function]: spl_autoload_call()
 6 SYSTEMPATH/CodeIgniter.php(877): class_exists()
 7 SYSTEMPATH/CodeIgniter.php(481): CodeIgniter\CodeIgniter->startController()
 8 SYSTEMPATH/CodeIgniter.php(353): CodeIgniter\CodeIgniter->handleRequest()
 9 FCPATH/index.php(79): CodeIgniter\CodeIgniter->run()
CRITICAL - 2023-10-16 12:27:15 --> Undefined variable: car
in APPPATH/Controllers/Pages.php on line 18.
 1 APPPATH/Controllers/Pages.php(18): CodeIgniter\Debug\Exceptions->errorHandler()
 2 SYSTEMPATH/CodeIgniter.php(919): App\Controllers\Pages->viewPage()
 3 SYSTEMPATH/CodeIgniter.php(494): CodeIgniter\CodeIgniter->runController()
 4 SYSTEMPATH/CodeIgniter.php(353): CodeIgniter\CodeIgniter->handleRequest()
 5 FCPATH/index.php(79): CodeIgniter\CodeIgniter->run()
CRITICAL - 2023-10-16 12:27:17 --> Undefined variable: car
in APPPATH/Controllers/Pages.php on line 18.
 1 APPPATH/Controllers/Pages.php(18): CodeIgniter\Debug\Exceptions->errorHandler()
 2 SYSTEMPATH/CodeIgniter.php(919): App\Controllers\Pages->viewPage()
 3 SYSTEMPATH/CodeIgniter.php(494): CodeIgniter\CodeIgniter->runController()
 4 SYSTEMPATH/CodeIgniter.php(353): CodeIgniter\CodeIgniter->handleRequest()
 5 FCPATH/index.php(79): CodeIgniter\CodeIgniter->run()
CRITICAL - 2023-10-16 12:27:38 --> Undefined property: App\Controllers\Pages::$Pages_model
in APPPATH/Controllers/Pages.php on line 18.
 1 APPPATH/Controllers/Pages.php(18): CodeIgniter\Debug\Exceptions->errorHandler()
 2 SYSTEMPATH/CodeIgniter.php(919): App\Controllers\Pages->viewPage()
 3 SYSTEMPATH/CodeIgniter.php(494): CodeIgniter\CodeIgniter->runController()
 4 SYSTEMPATH/CodeIgniter.php(353): CodeIgniter\CodeIgniter->handleRequest()
 5 FCPATH/index.php(79): CodeIgniter\CodeIgniter->run()
CRITICAL - 2023-10-16 12:27:40 --> Undefined property: App\Controllers\Pages::$Pages_model
in APPPATH/Controllers/Pages.php on line 18.
 1 APPPATH/Controllers/Pages.php(18): CodeIgniter\Debug\Exceptions->errorHandler()
 2 SYSTEMPATH/CodeIgniter.php(919): App\Controllers\Pages->viewPage()
 3 SYSTEMPATH/CodeIgniter.php(494): CodeIgniter\CodeIgniter->runController()
 4 SYSTEMPATH/CodeIgniter.php(353): CodeIgniter\CodeIgniter->handleRequest()
 5 FCPATH/index.php(79): CodeIgniter\CodeIgniter->run()
CRITICAL - 2023-10-16 12:28:47 --> Undefined variable: car
in APPPATH/Controllers/Pages.php on line 20.
 1 APPPATH/Controllers/Pages.php(20): CodeIgniter\Debug\Exceptions->errorHandler()
 2 SYSTEMPATH/CodeIgniter.php(919): App\Controllers\Pages->viewPage()
 3 SYSTEMPATH/CodeIgniter.php(494): CodeIgniter\CodeIgniter->runController()
 4 SYSTEMPATH/CodeIgniter.php(353): CodeIgniter\CodeIgniter->handleRequest()
 5 FCPATH/index.php(79): CodeIgniter\CodeIgniter->run()
CRITICAL - 2023-10-16 12:28:50 --> Undefined variable: car
in APPPATH/Controllers/Pages.php on line 20.
 1 APPPATH/Controllers/Pages.php(20): CodeIgniter\Debug\Exceptions->errorHandler()
 2 SYSTEMPATH/CodeIgniter.php(919): App\Controllers\Pages->viewPage()
 3 SYSTEMPATH/CodeIgniter.php(494): CodeIgniter\CodeIgniter->runController()
 4 SYSTEMPATH/CodeIgniter.php(353): CodeIgniter\CodeIgniter->handleRequest()
 5 FCPATH/index.php(79): CodeIgniter\CodeIgniter->run()
CRITICAL - 2023-10-16 12:28:52 --> Undefined variable: car
in APPPATH/Controllers/Pages.php on line 20.
 1 APPPATH/Controllers/Pages.php(20): CodeIgniter\Debug\Exceptions->errorHandler()
 2 SYSTEMPATH/CodeIgniter.php(919): App\Controllers\Pages->viewPage()
 3 SYSTEMPATH/CodeIgniter.php(494): CodeIgniter\CodeIgniter->runController()
 4 SYSTEMPATH/CodeIgniter.php(353): CodeIgniter\CodeIgniter->handleRequest()
 5 FCPATH/index.php(79): CodeIgniter\CodeIgniter->run()
CRITICAL - 2023-10-16 12:29:30 --> Undefined variable: car
in APPPATH/Controllers/Pages.php on line 21.
 1 APPPATH/Controllers/Pages.php(21): CodeIgniter\Debug\Exceptions->errorHandler()
 2 SYSTEMPATH/CodeIgniter.php(919): App\Controllers\Pages->viewPage()
 3 SYSTEMPATH/CodeIgniter.php(494): CodeIgniter\CodeIgniter->runController()
 4 SYSTEMPATH/CodeIgniter.php(353): CodeIgniter\CodeIgniter->handleRequest()
 5 FCPATH/index.php(79): CodeIgniter\CodeIgniter->run()
CRITICAL - 2023-10-16 12:33:48 --> Illegal offset type
in APPPATH/Models/Pages_model.php on line 37.
 1 APPPATH/Models/Pages_model.php(37): CodeIgniter\Debug\Exceptions->errorHandler()
 2 APPPATH/Controllers/Pages.php(22): App\Models\Pages_model->getList()
 3 SYSTEMPATH/CodeIgniter.php(919): App\Controllers\Pages->viewPage()
 4 SYSTEMPATH/CodeIgniter.php(494): CodeIgniter\CodeIgniter->runController()
 5 SYSTEMPATH/CodeIgniter.php(353): CodeIgniter\CodeIgniter->handleRequest()
 6 FCPATH/index.php(79): CodeIgniter\CodeIgniter->run()
CRITICAL - 2023-10-16 12:41:04 --> Invalid file: "page1.php"
in SYSTEMPATH/Exceptions/FrameworkException.php on line 39.
 1 SYSTEMPATH/View/View.php(214): CodeIgniter\Exceptions\FrameworkException::forInvalidFile()
 2 SYSTEMPATH/Common.php(1188): CodeIgniter\View\View->render()
 3 APPPATH/Controllers/Pages.php(38): view()
 4 SYSTEMPATH/CodeIgniter.php(919): App\Controllers\Pages->details()
 5 SYSTEMPATH/CodeIgniter.php(494): CodeIgniter\CodeIgniter->runController()
 6 SYSTEMPATH/CodeIgniter.php(353): CodeIgniter\CodeIgniter->handleRequest()
 7 FCPATH/index.php(79): CodeIgniter\CodeIgniter->run()
CRITICAL - 2023-10-16 12:41:06 --> Invalid file: "page1.php"
in SYSTEMPATH/Exceptions/FrameworkException.php on line 39.
 1 SYSTEMPATH/View/View.php(214): CodeIgniter\Exceptions\FrameworkException::forInvalidFile()
 2 SYSTEMPATH/Common.php(1188): CodeIgniter\View\View->render()
 3 APPPATH/Controllers/Pages.php(38): view()
 4 SYSTEMPATH/CodeIgniter.php(919): App\Controllers\Pages->details()
 5 SYSTEMPATH/CodeIgniter.php(494): CodeIgniter\CodeIgniter->runController()
 6 SYSTEMPATH/CodeIgniter.php(353): CodeIgniter\CodeIgniter->handleRequest()
 7 FCPATH/index.php(79): CodeIgniter\CodeIgniter->run()
CRITICAL - 2023-10-16 12:57:02 --> syntax error, unexpected 'as' (T_AS), expecting '{'
in APPPATH/Controllers/BaseController.php on line 3.
 1 SYSTEMPATH/Autoloader/Autoloader.php(285): CodeIgniter\Autoloader\Autoloader->includeFile()
 2 SYSTEMPATH/Autoloader/Autoloader.php(263): CodeIgniter\Autoloader\Autoloader->loadInNamespace()
 3 [internal function]: CodeIgniter\Autoloader\Autoloader->loadClass()
 4 APPPATH/Controllers/Pages.php(5): spl_autoload_call()
 5 SYSTEMPATH/Autoloader/Autoloader.php(306): include_once('/var/www/html/ci4/app/Controllers/Pages.php')
 6 SYSTEMPATH/Autoloader/Autoloader.php(285): CodeIgniter\Autoloader\Autoloader->includeFile()
 7 SYSTEMPATH/Autoloader/Autoloader.php(263): CodeIgniter\Autoloader\Autoloader->loadInNamespace()
 8 [internal function]: CodeIgniter\Autoloader\Autoloader->loadClass()
 9 [internal function]: spl_autoload_call()
10 SYSTEMPATH/CodeIgniter.php(877): class_exists()
11 SYSTEMPATH/CodeIgniter.php(481): CodeIgniter\CodeIgniter->startController()
12 SYSTEMPATH/CodeIgniter.php(353): CodeIgniter\CodeIgniter->handleRequest()
13 FCPATH/index.php(79): CodeIgniter\CodeIgniter->run()
CRITICAL - 2023-10-16 12:57:17 --> Class 'C\BaseController' not found
in APPPATH/Controllers/Pages.php on line 5.
 1 SYSTEMPATH/Autoloader/Autoloader.php(306): include_once()
 2 SYSTEMPATH/Autoloader/Autoloader.php(285): CodeIgniter\Autoloader\Autoloader->includeFile()
 3 SYSTEMPATH/Autoloader/Autoloader.php(263): CodeIgniter\Autoloader\Autoloader->loadInNamespace()
 4 [internal function]: CodeIgniter\Autoloader\Autoloader->loadClass()
 5 [internal function]: spl_autoload_call()
 6 SYSTEMPATH/CodeIgniter.php(877): class_exists()
 7 SYSTEMPATH/CodeIgniter.php(481): CodeIgniter\CodeIgniter->startController()
 8 SYSTEMPATH/CodeIgniter.php(353): CodeIgniter\CodeIgniter->handleRequest()
 9 FCPATH/index.php(79): CodeIgniter\CodeIgniter->run()
CRITICAL - 2023-10-16 12:57:18 --> Class 'C\BaseController' not found
in APPPATH/Controllers/Pages.php on line 5.
 1 SYSTEMPATH/Autoloader/Autoloader.php(306): include_once()
 2 SYSTEMPATH/Autoloader/Autoloader.php(285): CodeIgniter\Autoloader\Autoloader->includeFile()
 3 SYSTEMPATH/Autoloader/Autoloader.php(263): CodeIgniter\Autoloader\Autoloader->loadInNamespace()
 4 [internal function]: CodeIgniter\Autoloader\Autoloader->loadClass()
 5 [internal function]: spl_autoload_call()
 6 SYSTEMPATH/CodeIgniter.php(877): class_exists()
 7 SYSTEMPATH/CodeIgniter.php(481): CodeIgniter\CodeIgniter->startController()
 8 SYSTEMPATH/CodeIgniter.php(353): CodeIgniter\CodeIgniter->handleRequest()
 9 FCPATH/index.php(79): CodeIgniter\CodeIgniter->run()
